Arguments: 
  /Users/edson/.nvm/versions/node/v8.9.3/bin/node /Users/edson/.nvm/versions/node/v8.9.3/bin/yarn --offline

PATH: 
  /Users/edson/.rvm/gems/ruby-2.4.2/bin:/Users/edson/.rvm/gems/ruby-2.4.2@global/bin:/Users/edson/.rvm/rubies/ruby-2.4.2/bin:/Users/edson/.nvm/versions/node/v8.9.3/bin:/usr/local/bin:/usr/bin:/bin:/usr/sbin:/sbin:/Users/edson/.rvm/bin

Yarn version: 
  1.5.1

Node version: 
  8.9.3

Platform: 
  darwin x64

npm manifest: 
  {
    "name": "",
    "version": "",
    "devDependencies": {
      "cucumber": "^4.1.0",
      "jest": "22.4.3",
      "puppeteer": "1.3.0"
    },
    "scripts": {
      "test": "jest",
      "cucumber": "cucumber-js"
    },
    "dependencies": {
      "chai": "^4.1.2"
    }
  }

yarn manifest: 
  No manifest

Lockfile: 
  No lockfile

Trace: 
  Error: Couldn't find package "@babel/code-frame@^7.0.0-beta.35" required by "jest-message-util@^22.4.3" on the "npm" registry.
      at new MessageError (/Users/edson/.nvm/versions/node/v8.9.3/lib/node_modules/yarn/lib/cli.js:186:110)
      at PackageRequest.<anonymous> (/Users/edson/.nvm/versions/node/v8.9.3/lib/node_modules/yarn/lib/cli.js:36274:17)
      at Generator.throw (<anonymous>)
      at step (/Users/edson/.nvm/versions/node/v8.9.3/lib/node_modules/yarn/lib/cli.js:98:30)
      at /Users/edson/.nvm/versions/node/v8.9.3/lib/node_modules/yarn/lib/cli.js:111:13
      at <anonymous>
